Build started 01-Jul-17 08:44:58.
     1>Project "C:\laboratory\BASF\Builds\VisualStudio2013\BASF.vcxproj" on node 2 (Build target(s)).
     1>Link:
         C:\Program Files (x86)\Microsoft Visual Studio 12.0\VC\bin\link.exe /ERRORREPORT:PROMPT /OUT:"C:\laboratory\BASF\Builds\VisualStudio2013\Debug\\BASF.exe" /NOLOGO kernel32.lib user32.lib gdi32.lib winspool.lib comdlg32.lib advapi32.lib shell32.lib ole32.lib oleaut32.lib uuid.lib odbc32.lib odbccp32.lib /NODEFAULTLIB:libcmt.lib /NODEFAULTLIB:msvcrt.lib /MANIFEST /MANIFESTUAC:"level='asInvoker' uiAccess='false'" /manifest:embed /DEBUG /PDB:"Debug\\BASF.pdb" /SUBSYSTEM:CONSOLE /LARGEADDRESSAWARE /TLBID:1 /DYNAMICBASE /NXCOMPAT /IMPLIB:"C:\laboratory\BASF\Builds\VisualStudio2013\Debug\BASF.lib" /MACHINE:X86 /SAFESEH:NO Debug\resources.res
         Debug\\LaunchpadPrimitives.obj
         Debug\\Main.obj
         Debug\\juce_audio_basics.obj
         Debug\\juce_audio_devices.obj
         Debug\\juce_audio_formats.obj
         Debug\\juce_audio_processors.obj
         Debug\\juce_audio_utils.obj
         Debug\\juce_core.obj
         Debug\\juce_data_structures.obj
         Debug\\juce_events.obj
         Debug\\juce_graphics.obj
         Debug\\juce_gui_basics.obj
         Debug\\juce_gui_extra.obj
         Debug\\MainAudioComponent.obj
         LINK : C:\laboratory\BASF\Builds\VisualStudio2013\Debug\\BASF.exe not found or not built by the last incremental link; performing full link
         BASF.vcxproj -> C:\laboratory\BASF\Builds\VisualStudio2013\Debug\BASF.exe
     1>Done Building Project "C:\laboratory\BASF\Builds\VisualStudio2013\BASF.vcxproj" (Build target(s)).

Build succeeded.

Time Elapsed 00:00:06.60
